content/blogs/kristy/2023
content/blogs/kristy/2024/02/19/treeview
content/blogs/kristy/2024/03/02/embedding-short-form-videos
content/blogs/kristy/2024/03/02/embedding-short-form-videos/embedding-facebook-reels
content/blogs/kristy/2024/03/02/embedding-short-form-videos/embedding-tiktok
content/blogs/kristy/2024/03/02/embedding-short-form-videos/embedding-youtube-shorts
content/blogs/kristy/2024/03/03/google-tag-manager-vs-analytics
content/coding/this-site/bootstrap/cheatsheet-v5.3/components
content/coding/this-site/bootstrap/cheatsheet-v5.3/components/accordian
content/coding/this-site/bootstrap/cheatsheet-v5.3/components/alerts
content/coding/this-site/bootstrap/cheatsheet-v5.3/components/badge
content/coding/this-site/bootstrap/cheatsheet-v5.3/components/breadcrumb
content/coding/this-site/bootstrap/cheatsheet-v5.3/components/button-group
content/coding/this-site/bootstrap/cheatsheet-v5.3/components/buttons
content/coding/this-site/bootstrap/cheatsheet-v5.3/components/card
content/coding/this-site/bootstrap/cheatsheet-v5.3/components/carousel
content/coding/this-site/bootstrap/cheatsheet-v5.3/components/dropdowns
content/coding/this-site/bootstrap/cheatsheet-v5.3/components/list-group
content/coding/this-site/bootstrap/cheatsheet-v5.3/components/modal
content/coding/this-site/bootstrap/cheatsheet-v5.3/components/navbar
content/coding/this-site/bootstrap/cheatsheet-v5.3/components/navs
content/coding/this-site/bootstrap/cheatsheet-v5.3/components/pagination
content/coding/this-site/bootstrap/cheatsheet-v5.3/components/popovers
content/coding/this-site/bootstrap/cheatsheet-v5.3/components/progress
content/coding/this-site/bootstrap/cheatsheet-v5.3/components/scrollspy
content/coding/this-site/bootstrap/cheatsheet-v5.3/components/spinners
content/coding/this-site/bootstrap/cheatsheet-v5.3/components/toasts
content/coding/this-site/bootstrap/cheatsheet-v5.3/components/tooltips
content/coding/this-site/bootstrap/cheatsheet-v5.3/content
content/coding/this-site/bootstrap/cheatsheet-v5.3/content/figures
content/coding/this-site/bootstrap/cheatsheet-v5.3/content/images
content/coding/this-site/bootstrap/cheatsheet-v5.3/content/tables
content/coding/this-site/bootstrap/cheatsheet-v5.3/content/typography
content/coding/this-site/bootstrap/cheatsheet-v5.3/forms
content/coding/this-site/bootstrap/cheatsheet-v5.3/forms/disabled-forms
content/coding/this-site/bootstrap/cheatsheet-v5.3/forms/floating-labels
content/coding/this-site/bootstrap/cheatsheet-v5.3/forms/input-group
content/coding/this-site/bootstrap/cheatsheet-v5.3/forms/overview
content/coding/this-site/bootstrap/cheatsheet-v5.3/forms/sizing
content/coding/this-site/bootstrap/cheatsheet-v5.3/forms/validation
content/coding/this-site/javascript/ancestor-demo
content/coding/this-site/javascript/ancestor-demo/demo-child
content/coding/this-site/javascript/ancestor-demo/demo-child/demo-grand-child
content/coding/this-site/javascript/ancestor-demo/demo-child/demo-grand-child/demo-great-grand-child
content/recipes
content/sitemap
content/upcycling
